21:23:04 **** Incremental Build of configuration Debug for project hash_table_list ****
make all 
Building file: ../src/hash_table_list.c
Invoking: GCC C Compiler
gcc -O0 -g3 -Wall -c -fmessage-length=0 -MMD -MP -MF"src/hash_table_list.d" -MT"src/hash_table_list.o" -o "src/hash_table_list.o" "../src/hash_table_list.c"
../src/hash_table_list.c:65:3: warning: implicitly declaring library function 'printf' with type 'int (const char *, ...)' [-Wimplicit-function-declaration]
                printf("there's a collision at %d\n",position);
                ^
../src/hash_table_list.c:65:3: note: include the header <stdio.h> or explicitly provide a declaration for 'printf'
../src/hash_table_list.c:86:7: warning: implicitly declaring library function 'strcmp' with type 'int (const char *, const char *)' [-Wimplicit-function-declaration]
                        if(strcmp(listNode->key,key) == 0){
                           ^
../src/hash_table_list.c:86:7: note: include the header <string.h> or explicitly provide a declaration for 'strcmp'
2 warnings generated.
Finished building: ../src/hash_table_list.c
 
Building target: hash_table_list
Invoking: MacOS X C Linker
gcc  -o "hash_table_list"  ./src/hash_table_list.o   
Finished building target: hash_table_list
 

21:23:05 Build Finished (took 581ms)

