22:18:18 **** Incremental Build of configuration Debug for project string rotation ****
make all 
Building file: ../src/string rotation.c
Invoking: GCC C Compiler
gcc -O0 -g3 -Wall -c -fmessage-length=0 -MMD -MP -MF"src/string rotation.d" -MT"src/string\ rotation.d" -o "src/string rotation.o" "../src/string rotation.c"
../src/string rotation.c:18:10: warning: implicitly declaring library function 'strlen' with type 'unsigned long (const char *)' [-Wimplicit-function-declaration]
        int n = strlen(a);
                ^
../src/string rotation.c:18:10: note: include the header <string.h> or explicitly provide a declaration for 'strlen'
../src/string rotation.c:19:29: warning: incompatible pointer to integer conversion passing 'char *' to parameter of type 'unsigned long' [-Wint-conversion]
        char *str2 = (char*)malloc((a+1));
                                   ^~~~~
/usr/include/stdlib.h:152:20: note: passing argument to parameter here
void    *malloc(size_t);
                      ^
../src/string rotation.c:26:22: warning: relational comparison result unused [-Wunused-comparison]
                for(int i=0,q=n-k;i<k,q<n;i++,q++){
                                  ~^~
../src/string rotation.c:29:20: warning: relational comparison result unused [-Wunused-comparison]
                for(int j=k,p=0;j<n,p<n-k;j++,p++){
                                ~^~
../src/string rotation.c:33:7: warning: implicitly declaring library function 'strcmp' with type 'int (const char *, const char *)' [-Wimplicit-function-declaration]
                        if(strcmp(str2,b) ==0){
                           ^
../src/string rotation.c:33:7: note: include the header <string.h> or explicitly provide a declaration for 'strcmp'
5 warnings generated.
Finished building: ../src/string rotation.c
 
Building target: string rotation
Invoking: MacOS X C Linker
gcc  -o "string rotation"  ./src/string\ rotation.o   
Finished building target: string rotation
 

22:18:18 Build Finished (took 127ms)

